生成启动时间为 2021/10/18 19:35:48。
日志记录详细程度设置为: Normal。     1>项目“C:\Users\Cassie\Desktop\gitFH\Project1\Project1\Project1.vcxproj”在节点 2 上(Build 个目标)。
     1>InitializeBuildStatus:
         正在创建“Debug\Project1.tlog\unsuccessfulbuild”，因为已指定“AlwaysCreate”。
       ClCompile:
         C:\Program Files (x86)\Microsoft Visual Studio\2019\Community\VC\Tools\MSVC\14.28.29910\bin\HostX86\x86\CL.exe /c /ZI /JMC /nologo /W3 /WX- /diagnostics:column /sdl /Od /Oy- /D WIN32 /D _DEBUG /D _CONSOLE /D _UNICODE /D UNICODE /Gm- /EHsc /RTC1 /MDd /GS /fp:precise /permissive- /Zc:wchar_t /Zc:forScope /Zc:inline /Fo"Debug\\" /Fd"Debug\vc142.pdb" /Gd /TP /analyze- /FC /errorReport:prompt "..\..\sales-managemet\main.cpp"
         main.cpp
       Link:
         C:\Program Files (x86)\Microsoft Visual Studio\2019\Community\VC\Tools\MSVC\14.28.29910\bin\HostX86\x86\link.exe /ERRORREPORT:PROMPT /OUT:"C:\Users\Cassie\Desktop\gitFH\Project1\Debug\Project1.exe" /INCREMENTAL /NOLOGO kernel32.lib user32.lib gdi32.lib winspool.lib comdlg32.lib advapi32.lib shell32.lib ole32.lib oleaut32.lib uuid.lib odbc32.lib odbccp32.lib /MANIFEST /MANIFESTUAC:"level='asInvoker' uiAccess='false'" /manifest:embed /DEBUG:FASTLINK /PDB:"C:\Users\Cassie\Desktop\gitFH\Project1\Debug\Project1.pdb" /SUBSYSTEM:CONSOLE /TLBID:1 /DYNAMICBASE /NXCOMPAT /IMPLIB:"C:\Users\Cassie\Desktop\gitFH\Project1\Debug\Project1.lib" /MACHINE:X86 Debug\customer.obj
         Debug\main.obj
         Debug\market.obj
         Debug\menu.obj
         Debug\producer.obj
         Debug\product.obj
         Debug\salesman.obj
         Project1.vcxproj -> C:\Users\Cassie\Desktop\gitFH\Project1\Debug\Project1.exe
       FinalizeBuildStatus:
         正在删除文件“Debug\Project1.tlog\unsuccessfulbuild”。
         正在对“Debug\Project1.tlog\Project1.lastbuildstate”执行 Touch 任务。
     1>已完成生成项目“C:\Users\Cassie\Desktop\gitFH\Project1\Project1\Project1.vcxproj”(Build 个目标)的操作。

已成功生成。
    0 个警告
    0 个错误

已用时间 00:00:01.48
